<?xml version="1.0" encoding="UTF-8"?>
<!-- Generated by org.testng.reporters.JUnitXMLReporter -->
<testsuite ignored="6" hostname="DESKTOP-Q2OHRB1" failures="0" tests="8" name="Default test" time="65.212" errors="0" timestamp="2025-05-22T01:13:20 IST">
  <testcase classname="com.propertymonitor.tests.LoginPageTest" name="testValidLoginLandsOnProjectSearch" time="0.047"/>
  <testcase classname="com.propertymonitor.tests.ProjectSearchTest" name="testSearchLocationUpdatesProjectCount" time="17.294"/>
  <testcase classname="com.propertymonitor.tests.ProjectSearchTest" name="testClearLocationUpdatesProjectCount" time="6.683"/>
  <testcase classname="com.propertymonitor.tests.ProjectSearchTest" name="testSelectApartmentUnitType" time="9.216"/>
  <testcase classname="com.propertymonitor.tests.ProjectSearchTest" name="testUnselectApartmentUnitType" time="6.737"/>
  <testcase classname="com.propertymonitor.tests.ProjectSearchTest" name="testUncheckUpcomingSaleStatus" time="7.536"/>
  <testcase classname="com.propertymonitor.tests.ProjectSearchTest" name="testSelectUpcomingSaleStatus" time="4.712"/>
  <testcase classname="com.propertymonitor.tests.LoginPageTest" name="verifyProjectSearchUrlLoaded" time="0.013"/>
  <testcase classname="com.propertymonitor.base.BaseTest" name="@AfterSuite quitDriverFlushReportsUploadAndEmail" time="0.0">
    <ignored/>
  </testcase> <!-- @AfterSuite quitDriverFlushReportsUploadAndEmail -->
  <testcase classname="com.propertymonitor.base.BaseTest" name="@BeforeSuite initializeDriverAndReports" time="0.0">
    <ignored/>
  </testcase> <!-- @BeforeSuite initializeDriverAndReports -->
  <testcase classname="com.propertymonitor.base.BaseTest" name="@BeforeSuite initializeDriverAndReports" time="0.0">
    <ignored/>
  </testcase> <!-- @BeforeSuite initializeDriverAndReports -->
  <testcase classname="com.propertymonitor.base.BaseTest" name="@AfterSuite quitDriverFlushReportsUploadAndEmail" time="0.0">
    <ignored/>
  </testcase> <!-- @AfterSuite quitDriverFlushReportsUploadAndEmail -->
  <testcase classname="com.propertymonitor.base.BaseTest" name="@AfterSuite quitDriverFlushReportsUploadAndEmail" time="0.0">
    <ignored/>
  </testcase> <!-- @AfterSuite quitDriverFlushReportsUploadAndEmail -->
  <testcase classname="com.propertymonitor.base.BaseTest" name="@BeforeSuite initializeDriverAndReports" time="0.0">
    <ignored/>
  </testcase> <!-- @BeforeSuite initializeDriverAndReports -->
</testsuite> <!-- Default test -->
