<?xml version="1.0" encoding="UTF-8"?>
<testng-results ignored="0" total="8" passed="8" failed="0" skipped="0">
  <reporter-output>
  </reporter-output>
  <suite started-at="2025-05-20T11:49:12 IST" name="PropertyMonitorSuite" finished-at="2025-05-20T11:50:06 IST" duration-ms="54647">
    <groups>
    </groups>
    <test started-at="2025-05-20T11:49:12 IST" name="Regression Tests" finished-at="2025-05-20T11:50:06 IST" duration-ms="54647">
      <class name="com.propertymonitor.tests.ProjectSearchTest">
        <test-method is-config="true" signature="setupProjectSearch()[pri:0, instance:com.propertymonitor.tests.ProjectSearchTest@3d34d211]" started-at="2025-05-20T11:49:26 IST" name="setupProjectSearch" finished-at="2025-05-20T11:49:26 IST" duration-ms="48" status="PASS">
          <reporter-output>
          </reporter-output>
        </test-method> <!-- setupProjectSearch -->
        <test-method is-config="true" signature="startTestLog(java.lang.reflect.Method)[pri:0, instance:com.propertymonitor.tests.ProjectSearchTest@3d34d211]" started-at="2025-05-20T11:49:26 IST" name="startTestLog" finished-at="2025-05-20T11:49:26 IST" duration-ms="12" status="PASS">
          <params>
            <param index="0">
              <value>
                <![CDATA[public void com.propertymonitor.tests.ProjectSearchTest.testSearchLocationUpdatesProjectCount()]]>
              </value>
            </param>
          </params>
          <reporter-output>
          </reporter-output>
        </test-method> <!-- startTestLog -->
        <test-method signature="testSearchLocationUpdatesProjectCount()[pri:1, instance:com.propertymonitor.tests.ProjectSearchTest@3d34d211]" started-at="2025-05-20T11:49:26 IST" name="testSearchLocationUpdatesProjectCount" finished-at="2025-05-20T11:49:39 IST" depends-on-methods="com.propertymonitor.tests.LoginPageTest.testValidLoginLandsOnProjectSearch" duration-ms="12735" status="PASS">
          <reporter-output>
          </reporter-output>
        </test-method> <!-- testSearchLocationUpdatesProjectCount -->
        <test-method is-config="true" signature="logTestResult(org.testng.ITestResult)[pri:0, instance:com.propertymonitor.tests.ProjectSearchTest@3d34d211]" started-at="2025-05-20T11:49:39 IST" name="logTestResult" finished-at="2025-05-20T11:49:39 IST" duration-ms="2" status="PASS">
          <params>
            <param index="0">
              <value>
                <![CDATA[[TestResult name=testSearchLocationUpdatesProjectCount status=SUCCESS method=ProjectSearchTest.testSearchLocationUpdatesProjectCount()[pri:1, instance:com.propertymonitor.tests.ProjectSearchTest@3d34d211] output={null}]]]>
              </value>
            </param>
          </params>
          <reporter-output>
          </reporter-output>
        </test-method> <!-- logTestResult -->
        <test-method is-config="true" signature="startTestLog(java.lang.reflect.Method)[pri:0, instance:com.propertymonitor.tests.ProjectSearchTest@3d34d211]" started-at="2025-05-20T11:49:39 IST" name="startTestLog" finished-at="2025-05-20T11:49:39 IST" duration-ms="1" status="PASS">
          <params>
            <param index="0">
              <value>
                <![CDATA[public void com.propertymonitor.tests.ProjectSearchTest.testClearLocationUpdatesProjectCount() throws java.lang.InterruptedException]]>
              </value>
            </param>
          </params>
          <reporter-output>
          </reporter-output>
        </test-method> <!-- startTestLog -->
        <test-method signature="testClearLocationUpdatesProjectCount()[pri:2, instance:com.propertymonitor.tests.ProjectSearchTest@3d34d211]" started-at="2025-05-20T11:49:39 IST" name="testClearLocationUpdatesProjectCount" finished-at="2025-05-20T11:49:43 IST" depends-on-methods="com.propertymonitor.tests.ProjectSearchTest.testSearchLocationUpdatesProjectCount" duration-ms="4804" status="PASS">
          <reporter-output>
          </reporter-output>
        </test-method> <!-- testClearLocationUpdatesProjectCount -->
        <test-method is-config="true" signature="logTestResult(org.testng.ITestResult)[pri:0, instance:com.propertymonitor.tests.ProjectSearchTest@3d34d211]" started-at="2025-05-20T11:49:43 IST" name="logTestResult" finished-at="2025-05-20T11:49:43 IST" duration-ms="1" status="PASS">
          <params>
            <param index="0">
              <value>
                <![CDATA[[TestResult name=testClearLocationUpdatesProjectCount status=SUCCESS method=ProjectSearchTest.testClearLocationUpdatesProjectCount()[pri:2, instance:com.propertymonitor.tests.ProjectSearchTest@3d34d211] output={null}]]]>
              </value>
            </param>
          </params>
          <reporter-output>
          </reporter-output>
        </test-method> <!-- logTestResult -->
        <test-method is-config="true" signature="startTestLog(java.lang.reflect.Method)[pri:0, instance:com.propertymonitor.tests.ProjectSearchTest@3d34d211]" started-at="2025-05-20T11:49:43 IST" name="startTestLog" finished-at="2025-05-20T11:49:43 IST" duration-ms="1" status="PASS">
          <params>
            <param index="0">
              <value>
                <![CDATA[public void com.propertymonitor.tests.ProjectSearchTest.testSelectApartmentUnitType() throws java.lang.InterruptedException]]>
              </value>
            </param>
          </params>
          <reporter-output>
          </reporter-output>
        </test-method> <!-- startTestLog -->
        <test-method signature="testSelectApartmentUnitType()[pri:3, instance:com.propertymonitor.tests.ProjectSearchTest@3d34d211]" started-at="2025-05-20T11:49:43 IST" name="testSelectApartmentUnitType" finished-at="2025-05-20T11:49:51 IST" depends-on-methods="com.propertymonitor.tests.ProjectSearchTest.testClearLocationUpdatesProjectCount" duration-ms="7188" status="PASS">
          <reporter-output>
          </reporter-output>
        </test-method> <!-- testSelectApartmentUnitType -->
        <test-method is-config="true" signature="logTestResult(org.testng.ITestResult)[pri:0, instance:com.propertymonitor.tests.ProjectSearchTest@3d34d211]" started-at="2025-05-20T11:49:51 IST" name="logTestResult" finished-at="2025-05-20T11:49:51 IST" duration-ms="0" status="PASS">
          <params>
            <param index="0">
              <value>
                <![CDATA[[TestResult name=testSelectApartmentUnitType status=SUCCESS method=ProjectSearchTest.testSelectApartmentUnitType()[pri:3, instance:com.propertymonitor.tests.ProjectSearchTest@3d34d211] output={null}]]]>
              </value>
            </param>
          </params>
          <reporter-output>
          </reporter-output>
        </test-method> <!-- logTestResult -->
        <test-method is-config="true" signature="startTestLog(java.lang.reflect.Method)[pri:0, instance:com.propertymonitor.tests.ProjectSearchTest@3d34d211]" started-at="2025-05-20T11:49:51 IST" name="startTestLog" finished-at="2025-05-20T11:49:51 IST" duration-ms="1" status="PASS">
          <params>
            <param index="0">
              <value>
                <![CDATA[public void com.propertymonitor.tests.ProjectSearchTest.testUnselectApartmentUnitType() throws java.lang.InterruptedException]]>
              </value>
            </param>
          </params>
          <reporter-output>
          </reporter-output>
        </test-method> <!-- startTestLog -->
        <test-method signature="testUnselectApartmentUnitType()[pri:4, instance:com.propertymonitor.tests.ProjectSearchTest@3d34d211]" started-at="2025-05-20T11:49:51 IST" name="testUnselectApartmentUnitType" finished-at="2025-05-20T11:49:56 IST" depends-on-methods="com.propertymonitor.tests.ProjectSearchTest.testSelectApartmentUnitType" duration-ms="5149" status="PASS">
          <reporter-output>
          </reporter-output>
        </test-method> <!-- testUnselectApartmentUnitType -->
        <test-method is-config="true" signature="logTestResult(org.testng.ITestResult)[pri:0, instance:com.propertymonitor.tests.ProjectSearchTest@3d34d211]" started-at="2025-05-20T11:49:56 IST" name="logTestResult" finished-at="2025-05-20T11:49:56 IST" duration-ms="0" status="PASS">
          <params>
            <param index="0">
              <value>
                <![CDATA[[TestResult name=testUnselectApartmentUnitType status=SUCCESS method=ProjectSearchTest.testUnselectApartmentUnitType()[pri:4, instance:com.propertymonitor.tests.ProjectSearchTest@3d34d211] output={null}]]]>
              </value>
            </param>
          </params>
          <reporter-output>
          </reporter-output>
        </test-method> <!-- logTestResult -->
        <test-method is-config="true" signature="startTestLog(java.lang.reflect.Method)[pri:0, instance:com.propertymonitor.tests.ProjectSearchTest@3d34d211]" started-at="2025-05-20T11:49:56 IST" name="startTestLog" finished-at="2025-05-20T11:49:56 IST" duration-ms="1" status="PASS">
          <params>
            <param index="0">
              <value>
                <![CDATA[public void com.propertymonitor.tests.ProjectSearchTest.testUncheckUpcomingSaleStatus() throws java.lang.InterruptedException]]>
              </value>
            </param>
          </params>
          <reporter-output>
          </reporter-output>
        </test-method> <!-- startTestLog -->
        <test-method signature="testUncheckUpcomingSaleStatus()[pri:5, instance:com.propertymonitor.tests.ProjectSearchTest@3d34d211]" started-at="2025-05-20T11:49:56 IST" name="testUncheckUpcomingSaleStatus" finished-at="2025-05-20T11:50:03 IST" depends-on-methods="com.propertymonitor.tests.ProjectSearchTest.testUnselectApartmentUnitType" duration-ms="7049" status="PASS">
          <reporter-output>
          </reporter-output>
        </test-method> <!-- testUncheckUpcomingSaleStatus -->
        <test-method is-config="true" signature="logTestResult(org.testng.ITestResult)[pri:0, instance:com.propertymonitor.tests.ProjectSearchTest@3d34d211]" started-at="2025-05-20T11:50:03 IST" name="logTestResult" finished-at="2025-05-20T11:50:03 IST" duration-ms="1" status="PASS">
          <params>
            <param index="0">
              <value>
                <![CDATA[[TestResult name=testUncheckUpcomingSaleStatus status=SUCCESS method=ProjectSearchTest.testUncheckUpcomingSaleStatus()[pri:5, instance:com.propertymonitor.tests.ProjectSearchTest@3d34d211] output={null}]]]>
              </value>
            </param>
          </params>
          <reporter-output>
          </reporter-output>
        </test-method> <!-- logTestResult -->
        <test-method is-config="true" signature="startTestLog(java.lang.reflect.Method)[pri:0, instance:com.propertymonitor.tests.ProjectSearchTest@3d34d211]" started-at="2025-05-20T11:50:03 IST" name="startTestLog" finished-at="2025-05-20T11:50:03 IST" duration-ms="1" status="PASS">
          <params>
            <param index="0">
              <value>
                <![CDATA[public void com.propertymonitor.tests.ProjectSearchTest.testSelectUpcomingSaleStatus()]]>
              </value>
            </param>
          </params>
          <reporter-output>
          </reporter-output>
        </test-method> <!-- startTestLog -->
        <test-method signature="testSelectUpcomingSaleStatus()[pri:6, instance:com.propertymonitor.tests.ProjectSearchTest@3d34d211]" started-at="2025-05-20T11:50:03 IST" name="testSelectUpcomingSaleStatus" finished-at="2025-05-20T11:50:06 IST" depends-on-methods="com.propertymonitor.tests.ProjectSearchTest.testUncheckUpcomingSaleStatus" duration-ms="3385" status="PASS">
          <reporter-output>
          </reporter-output>
        </test-method> <!-- testSelectUpcomingSaleStatus -->
        <test-method is-config="true" signature="logTestResult(org.testng.ITestResult)[pri:0, instance:com.propertymonitor.tests.ProjectSearchTest@3d34d211]" started-at="2025-05-20T11:50:06 IST" name="logTestResult" finished-at="2025-05-20T11:50:06 IST" duration-ms="1" status="PASS">
          <params>
            <param index="0">
              <value>
                <![CDATA[[TestResult name=testSelectUpcomingSaleStatus status=SUCCESS method=ProjectSearchTest.testSelectUpcomingSaleStatus()[pri:6, instance:com.propertymonitor.tests.ProjectSearchTest@3d34d211] output={null}]]]>
              </value>
            </param>
          </params>
          <reporter-output>
          </reporter-output>
        </test-method> <!-- logTestResult -->
      </class> <!-- com.propertymonitor.tests.ProjectSearchTest -->
      <class name="com.propertymonitor.tests.LoginPageTest">
        <test-method is-config="true" signature="initializeDriverAndReports()[pri:0, instance:com.propertymonitor.tests.LoginPageTest@37ceb1df]" started-at="2025-05-20T11:48:44 IST" name="initializeDriverAndReports" finished-at="2025-05-20T11:49:12 IST" duration-ms="27456" status="PASS">
          <reporter-output>
          </reporter-output>
        </test-method> <!-- initializeDriverAndReports -->
        <test-method is-config="true" signature="setup()[pri:0, instance:com.propertymonitor.tests.LoginPageTest@37ceb1df]" started-at="2025-05-20T11:49:12 IST" name="setup" finished-at="2025-05-20T11:49:25 IST" duration-ms="13453" status="PASS">
          <reporter-output>
          </reporter-output>
        </test-method> <!-- setup -->
        <test-method is-config="true" signature="startExtent(java.lang.reflect.Method)[pri:0, instance:com.propertymonitor.tests.LoginPageTest@37ceb1df]" started-at="2025-05-20T11:49:25 IST" name="startExtent" finished-at="2025-05-20T11:49:26 IST" duration-ms="160" status="PASS">
          <params>
            <param index="0">
              <value>
                <![CDATA[public void com.propertymonitor.tests.LoginPageTest.testValidLoginLandsOnProjectSearch()]]>
              </value>
            </param>
          </params>
          <reporter-output>
          </reporter-output>
        </test-method> <!-- startExtent -->
        <test-method signature="testValidLoginLandsOnProjectSearch()[pri:1, instance:com.propertymonitor.tests.LoginPageTest@37ceb1df]" started-at="2025-05-20T11:49:26 IST" name="testValidLoginLandsOnProjectSearch" finished-at="2025-05-20T11:49:26 IST" duration-ms="132" status="PASS">
          <reporter-output>
          </reporter-output>
        </test-method> <!-- testValidLoginLandsOnProjectSearch -->
        <test-method is-config="true" signature="captureResult(org.testng.ITestResult)[pri:0, instance:com.propertymonitor.tests.LoginPageTest@37ceb1df]" started-at="2025-05-20T11:49:26 IST" name="captureResult" finished-at="2025-05-20T11:49:26 IST" duration-ms="13" status="PASS">
          <params>
            <param index="0">
              <value>
                <![CDATA[[TestResult name=testValidLoginLandsOnProjectSearch status=SUCCESS method=LoginPageTest.testValidLoginLandsOnProjectSearch()[pri:1, instance:com.propertymonitor.tests.LoginPageTest@37ceb1df] output={null}]]]>
              </value>
            </param>
          </params>
          <reporter-output>
          </reporter-output>
        </test-method> <!-- captureResult -->
        <test-method is-config="true" signature="startExtent(java.lang.reflect.Method)[pri:0, instance:com.propertymonitor.tests.LoginPageTest@37ceb1df]" started-at="2025-05-20T11:49:26 IST" name="startExtent" finished-at="2025-05-20T11:49:26 IST" duration-ms="2" status="PASS">
          <params>
            <param index="0">
              <value>
                <![CDATA[public void com.propertymonitor.tests.LoginPageTest.verifyProjectSearchUrlLoaded()]]>
              </value>
            </param>
          </params>
          <reporter-output>
          </reporter-output>
        </test-method> <!-- startExtent -->
        <test-method signature="verifyProjectSearchUrlLoaded()[pri:2, instance:com.propertymonitor.tests.LoginPageTest@37ceb1df]" started-at="2025-05-20T11:49:26 IST" name="verifyProjectSearchUrlLoaded" finished-at="2025-05-20T11:49:26 IST" duration-ms="22" status="PASS">
          <reporter-output>
          </reporter-output>
        </test-method> <!-- verifyProjectSearchUrlLoaded -->
        <test-method is-config="true" signature="captureResult(org.testng.ITestResult)[pri:0, instance:com.propertymonitor.tests.LoginPageTest@37ceb1df]" started-at="2025-05-20T11:49:26 IST" name="captureResult" finished-at="2025-05-20T11:49:26 IST" duration-ms="7" status="PASS">
          <params>
            <param index="0">
              <value>
                <![CDATA[[TestResult name=verifyProjectSearchUrlLoaded status=SUCCESS method=LoginPageTest.verifyProjectSearchUrlLoaded()[pri:2, instance:com.propertymonitor.tests.LoginPageTest@37ceb1df] output={null}]]]>
              </value>
            </param>
          </params>
          <reporter-output>
          </reporter-output>
        </test-method> <!-- captureResult -->
        <test-method is-config="true" signature="quitDriverAndFlushReports()[pri:0, instance:com.propertymonitor.tests.LoginPageTest@37ceb1df]" started-at="2025-05-20T11:50:06 IST" name="quitDriverAndFlushReports" finished-at="2025-05-20T11:50:09 IST" duration-ms="2445" status="PASS">
          <reporter-output>
          </reporter-output>
        </test-method> <!-- quitDriverAndFlushReports -->
      </class> <!-- com.propertymonitor.tests.LoginPageTest -->
    </test> <!-- Regression Tests -->
  </suite> <!-- PropertyMonitorSuite -->
</testng-results>
