<?xml version="1.0" encoding="UTF-8"?>
<!-- Generated by org.testng.reporters.JUnitXMLReporter -->
<testsuite ignored="2" hostname="DESKTOP-Q2OHRB1" failures="0" tests="8" name="Regression Tests" time="62.321" errors="0" timestamp="2025-05-21T23:14:02 IST">
  <testcase classname="com.propertymonitor.tests.LoginPageTest" name="testValidLoginLandsOnProjectSearch" time="0.06"/>
  <testcase classname="com.propertymonitor.tests.LoginPageTest" name="verifyProjectSearchUrlLoaded" time="0.031"/>
  <testcase classname="com.propertymonitor.tests.ProjectSearchTest" name="testSearchLocationUpdatesProjectCount" time="17.089"/>
  <testcase classname="com.propertymonitor.tests.ProjectSearchTest" name="testClearLocationUpdatesProjectCount" time="6.692"/>
  <testcase classname="com.propertymonitor.tests.ProjectSearchTest" name="testSelectApartmentUnitType" time="8.523"/>
  <testcase classname="com.propertymonitor.tests.ProjectSearchTest" name="testUnselectApartmentUnitType" time="6.603"/>
  <testcase classname="com.propertymonitor.tests.ProjectSearchTest" name="testUncheckUpcomingSaleStatus" time="6.953"/>
  <testcase classname="com.propertymonitor.tests.ProjectSearchTest" name="testSelectUpcomingSaleStatus" time="3.824"/>
  <testcase classname="com.propertymonitor.base.BaseTest" name="@AfterSuite quitDriverAndFlushReports" time="0.0">
    <ignored/>
  </testcase> <!-- @AfterSuite quitDriverAndFlushReports -->
  <testcase classname="com.propertymonitor.base.BaseTest" name="@BeforeSuite initializeDriverAndReports" time="0.0">
    <ignored/>
  </testcase> <!-- @BeforeSuite initializeDriverAndReports -->
</testsuite> <!-- Regression Tests -->
